Change Physical Footprint: Designator=B1 Old Footprint=PTS810 SJK 250 SMTR LFS New Footprint=PTS810 SJK 250 SMTR LFS
Change Physical Footprint: Designator=B2 Old Footprint=PTS810 SJK 250 SMTR LFS New Footprint=PTS810 SJK 250 SMTR LFS
Change Physical Footprint: Designator=B3 Old Footprint=PTS810 SJK 250 SMTR LFS New Footprint=PTS810 SJK 250 SMTR LFS
Change Physical Footprint: Designator=B4 Old Footprint=PTS810 SJK 250 SMTR LFS New Footprint=PTS810 SJK 250 SMTR LFS
Change Physical Footprint: Designator=B5 Old Footprint=PTS810 SJK 250 SMTR LFS New Footprint=PTS810 SJK 250 SMTR LFS
Change Physical Footprint: Designator=C1 Old Footprint=CAPC0603(1608)100_N New Footprint=CAPC0603(1608)100_N
Change Physical Footprint: Designator=C2 Old Footprint=CAPC0603(1608)100_N New Footprint=CAPC0603(1608)100_N
Change Physical Footprint: Designator=C3 Old Footprint=CAPC0603(1608)100_N New Footprint=CAPC0603(1608)100_N
Change Physical Footprint: Designator=C4 Old Footprint=CAPC0805(2012)145_N New Footprint=CAPC0805(2012)145_N
Change Physical Footprint: Designator=C5 Old Footprint=CAPC0603(1608)100_N New Footprint=CAPC0603(1608)100_N
Change Physical Footprint: Designator=C6 Old Footprint=CAPC0603(1608)100_N New Footprint=CAPC0603(1608)100_N
Change Physical Footprint: Designator=C7 Old Footprint=CAPC0603(1608)100_N New Footprint=CAPC0603(1608)100_N
Change Physical Footprint: Designator=C8 Old Footprint=CAPC1608X90 New Footprint=CAPC1608X90
Change Physical Footprint: Designator=C9 Old Footprint=CAPC1608X90 New Footprint=CAPC1608X90
Change Physical Footprint: Designator=C10 Old Footprint=CAPC0805(2012)145_N New Footprint=CAPC0805(2012)145_N
Change Physical Footprint: Designator=C11 Old Footprint=CAPC0805(2012)145_N New Footprint=CAPC0805(2012)145_N
Change Physical Footprint: Designator=C12 Old Footprint=CAPC0603(1608)100_N New Footprint=CAPC0603(1608)100_N
Change Physical Footprint: Designator=C13 Old Footprint=CAPC0603(1608)100_N New Footprint=CAPC0603(1608)100_N
Change Physical Footprint: Designator=C14 Old Footprint=CAPC0603(1608)100_N New Footprint=CAPC0603(1608)100_N
Change Physical Footprint: Designator=C15 Old Footprint=CAPC0603(1608)100_N New Footprint=CAPC0603(1608)100_N
Change Physical Footprint: Designator=C16 Old Footprint=FP-0603-L_1_6_0_15-W_0_81-MFG New Footprint=FP-0603-L_1_6_0_15-W_0_81-MFG
Change Physical Footprint: Designator=C17 Old Footprint=FP-0603-L_1_6_0_15-W_0_81-MFG New Footprint=FP-0603-L_1_6_0_15-W_0_81-MFG
Change Physical Footprint: Designator=C18 Old Footprint=FP-0603-L_1_6_0_15-W_0_81-MFG New Footprint=FP-0603-L_1_6_0_15-W_0_81-MFG
Change Physical Footprint: Designator=C19 Old Footprint=FP-T495D227K010ATE100-MFG New Footprint=FP-T495D227K010ATE100-MFG
Change Physical Footprint: Designator=C20 Old Footprint=CAPC0603(1608)100_N New Footprint=CAPC0603(1608)100_N
Change Physical Footprint: Designator=C21 Old Footprint=TMCHC1C106MTRF New Footprint=TMCHC1C106MTRF
Change Physical Footprint: Designator=C24 Old Footprint=CAPC0603(1608)100_N New Footprint=CAPC0603(1608)100_N
Change Physical Footprint: Designator=C25 Old Footprint=CAPC0805(2012)145_N New Footprint=CAPC0805(2012)145_N
Change Physical Footprint: Designator=C26 Old Footprint=CAPC0805(2012)145_N New Footprint=CAPC0805(2012)145_N
Change Physical Footprint: Designator=C44 Old Footprint=CAPC2012X127N New Footprint=CAPC2012X127N
Change Physical Footprint: Designator=C45 Old Footprint=CAPC1005X55X25LL05T10 New Footprint=CAPC1005X55X25LL05T10
Change Physical Footprint: Designator=C46 Old Footprint=CAPC1608X90 New Footprint=CAPC1608X90
Change Physical Footprint: Designator=C47 Old Footprint=CAPC2012X127N New Footprint=CAPC2012X127N
Change Physical Footprint: Designator=C48 Old Footprint=CAPC2012X127N New Footprint=CAPC2012X127N
Change Physical Footprint: Designator=C49 Old Footprint=FP-0603-L_1_6_0_1-W_0_8_0-IPC_A New Footprint=FP-0603-L_1_6_0_1-W_0_8_0-IPC_A
Change Physical Footprint: Designator=C50 Old Footprint=FP-0603-L_1_6_0_1-W_0_8_0-IPC_A New Footprint=FP-0603-L_1_6_0_1-W_0_8_0-IPC_A
Change Physical Footprint: Designator=D1 Old Footprint=NXP-SOT143B-4_V New Footprint=NXP-SOT143B-4_V
Change Physical Footprint: Designator=D2 Old Footprint=LTST-C170CKT_V New Footprint=LTST-C170CKT_V
Change Physical Footprint: Designator=D3 Old Footprint=LTST-C170CKT_V New Footprint=LTST-C170CKT_V
Change Physical Footprint: Designator=D4 Old Footprint=LTST-C170GKT_V New Footprint=LTST-C170GKT_V
Change Physical Footprint: Designator=D5 Old Footprint=LTST-C170CKT_V New Footprint=LTST-C170CKT_V
Change Physical Footprint: Designator=D6 Old Footprint=LTST-C170CKT_V New Footprint=LTST-C170CKT_V
Change Physical Footprint: Designator=D7 Old Footprint=LTST-C170GKT_V New Footprint=LTST-C170GKT_V
Change Physical Footprint: Designator=D10 Old Footprint=LTST-C170GKT_V New Footprint=LTST-C170GKT_V
Change Physical Footprint: Designator=DS1 Old Footprint=LITE-ON-LTST-C191KRKT-2_V New Footprint=LITE-ON-LTST-C191KRKT-2_V
Change Physical Footprint: Designator=FB1 Old Footprint=MURA-BLM21-B20-CHIP-2_V2 New Footprint=MURA-BLM21-B20-CHIP-2_V2
Change Physical Footprint: Designator=FD1 Old Footprint=Fiducial_FT New Footprint=Fiducial_FT
Change Physical Footprint: Designator=FD2 Old Footprint=Fiducial_FT New Footprint=Fiducial_FT
Change Physical Footprint: Designator=FD3 Old Footprint=Fiducial_FT New Footprint=Fiducial_FT
Change Physical Footprint: Designator=J1 Old Footprint=HIRO-ZX62R-B-5P_V New Footprint=HIRO-ZX62R-B-5P_V
Change Physical Footprint: Designator=J3 Old Footprint=S4B-PH-SM4-TB(LF)(SN) New Footprint=S4B-PH-SM4-TB(LF)(SN)
Change Physical Footprint: Designator=J4 Old Footprint=S4B-PH-SM4-TB(LF)(SN) New Footprint=S4B-PH-SM4-TB(LF)(SN)
Change Physical Footprint: Designator=L1 Old Footprint=7843330390 New Footprint=7843330390
Change Physical Footprint: Designator=L4 Old Footprint=744316100 New Footprint=744316100
Change Physical Footprint: Designator=MP1 Old Footprint=Rotary Encoder New Footprint=Rotary Encoder
Change Physical Footprint: Designator=MP2 Old Footprint=Joystick New Footprint=Joystick
Change Physical Footprint: Designator=P1 Old Footprint=TECO-640456-3 New Footprint=TECO-640456-3
Change Physical Footprint: Designator=P6 Old Footprint=JST-S3B-PH-SM4-TB-3_V New Footprint=JST-S3B-PH-SM4-TB-3_V
Change Physical Footprint: Designator=R1 Old Footprint=RESC0603(1608)_N New Footprint=RESC0603(1608)_N
Change Physical Footprint: Designator=R2 Old Footprint=RESC0603(1608)_N New Footprint=RESC0603(1608)_N
Change Physical Footprint: Designator=R3 Old Footprint=RESC0603(1608)_N New Footprint=RESC0603(1608)_N
Change Physical Footprint: Designator=R4 Old Footprint=RESC0603(1608)_N New Footprint=RESC0603(1608)_N
Change Physical Footprint: Designator=R5 Old Footprint=RESC0603(1608)_N New Footprint=RESC0603(1608)_N
Change Physical Footprint: Designator=R6 Old Footprint=RESC0603(1608)_N New Footprint=RESC0603(1608)_N
Change Physical Footprint: Designator=R7 Old Footprint=RESC0603(1608)_N New Footprint=RESC0603(1608)_N
Change Physical Footprint: Designator=R8 Old Footprint=RESC0603(1608)_N New Footprint=RESC0603(1608)_N
Change Physical Footprint: Designator=R9 Old Footprint=RESC0603(1608)_N New Footprint=RESC0603(1608)_N
Change Physical Footprint: Designator=R10 Old Footprint=RESC0603(1608)_N New Footprint=RESC0603(1608)_N
Change Physical Footprint: Designator=R11 Old Footprint=RESC0603(1608)_N New Footprint=RESC0603(1608)_N
Change Physical Footprint: Designator=R12 Old Footprint=RESC0603(1608)_N New Footprint=RESC0603(1608)_N
Change Physical Footprint: Designator=R13 Old Footprint=RESC0603(1608)_N New Footprint=RESC0603(1608)_N
Change Physical Footprint: Designator=R14 Old Footprint=RESC0603(1608)_N New Footprint=RESC0603(1608)_N
Change Physical Footprint: Designator=R15 Old Footprint=FP-RMCF0603-IPC_B New Footprint=FP-RMCF0603-IPC_B
Change Physical Footprint: Designator=R16 Old Footprint=FP-RMCF0603-IPC_B New Footprint=FP-RMCF0603-IPC_B
Change Physical Footprint: Designator=R17 Old Footprint=FP-RMCF0603-IPC_B New Footprint=FP-RMCF0603-IPC_B
Change Physical Footprint: Designator=R18 Old Footprint=RESC0603(1608)_N New Footprint=RESC0603(1608)_N
Change Physical Footprint: Designator=R19 Old Footprint=RESC0603(1608)_N New Footprint=RESC0603(1608)_N
Change Physical Footprint: Designator=R20 Old Footprint=RESC0603(1608)_N New Footprint=RESC0603(1608)_N
Change Physical Footprint: Designator=R21 Old Footprint=RESC0603(1608)_N New Footprint=RESC0603(1608)_N
Change Physical Footprint: Designator=R22 Old Footprint=RESC0805(2012)_N New Footprint=RESC0805(2012)_N
Change Physical Footprint: Designator=R23 Old Footprint=RESC0805(2012)_N New Footprint=RESC0805(2012)_N
Change Physical Footprint: Designator=R24 Old Footprint=RESC0805(2012)_N New Footprint=RESC0805(2012)_N
Change Physical Footprint: Designator=R25 Old Footprint=FP-RMCF0603-IPC_B New Footprint=FP-RMCF0603-IPC_B
Change Physical Footprint: Designator=R26 Old Footprint=RESC0603(1608)_N New Footprint=RESC0603(1608)_N
Change Physical Footprint: Designator=R27 Old Footprint=FP-CPF0603-MFG New Footprint=FP-CPF0603-MFG
Change Physical Footprint: Designator=R28 Old Footprint=RESC1609X55X30ML10T20 New Footprint=RESC1609X55X30ML10T20
Change Physical Footprint: Designator=R29 Old Footprint=FP-CPF0603-MFG New Footprint=FP-CPF0603-MFG
Change Physical Footprint: Designator=R30 Old Footprint=RESC1609X55X30ML10T20 New Footprint=RESC1609X55X30ML10T20
Change Physical Footprint: Designator=R31 Old Footprint=FP-CPF0603-MFG New Footprint=FP-CPF0603-MFG
Change Physical Footprint: Designator=R32 Old Footprint=RESC1609X55X30ML10T20 New Footprint=RESC1609X55X30ML10T20
Change Physical Footprint: Designator=R33 Old Footprint=RESC1005X40X25NL05T05 New Footprint=RESC1005X40X25NL05T05
Change Physical Footprint: Designator=R34 Old Footprint=RESC1005X40X25LL05T05 New Footprint=RESC1005X40X25LL05T05
Change Physical Footprint: Designator=R35 Old Footprint=RESC1608X55X30NL15T15 New Footprint=RESC1608X55X30NL15T15
Change Physical Footprint: Designator=R36 Old Footprint=RESC1608X55X30NL15T15 New Footprint=RESC1608X55X30NL15T15
Change Physical Footprint: Designator=R37 Old Footprint=RESC1608X55X25ML10T15 New Footprint=RESC1608X55X25ML10T15
Change Physical Footprint: Designator=R38 Old Footprint=RESC1608X55X25ML10T15 New Footprint=RESC1608X55X25ML10T15
Change Physical Footprint: Designator=R39 Old Footprint=RESC0603(1608)_N New Footprint=RESC0603(1608)_N
Change Physical Footprint: Designator=R40 Old Footprint=RESC0603(1608)_N New Footprint=RESC0603(1608)_N
Change Physical Footprint: Designator=R41 Old Footprint=RESC1608X55X25ML10T15 New Footprint=RESC1608X55X25ML10T15
Change Physical Footprint: Designator=R42 Old Footprint=RESC1608X55X25ML10T15 New Footprint=RESC1608X55X25ML10T15
Change Physical Footprint: Designator=R43 Old Footprint=FP-CRGCQ0603-IPC_C New Footprint=FP-CRGCQ0603-IPC_C
Change Physical Footprint: Designator=R44 Old Footprint=FP-CRGCQ0603-IPC_C New Footprint=FP-CRGCQ0603-IPC_C
Change Physical Footprint: Designator=R45 Old Footprint=FP-CRGCQ0603-IPC_C New Footprint=FP-CRGCQ0603-IPC_C
Change Physical Footprint: Designator=R46 Old Footprint=FP-CRGCQ0603-IPC_C New Footprint=FP-CRGCQ0603-IPC_C
Change Physical Footprint: Designator=R47 Old Footprint=RESC1005X40X25ML05T05 New Footprint=RESC1005X40X25ML05T05
Change Physical Footprint: Designator=R48 Old Footprint=RESC1005X40X25ML05T05 New Footprint=RESC1005X40X25ML05T05
Change Physical Footprint: Designator=R49 Old Footprint=RESC0603(1608)_M New Footprint=RESC0603(1608)_M
Change Physical Footprint: Designator=R50 Old Footprint=RESC0603(1608)_N New Footprint=RESC0603(1608)_N
Change Physical Footprint: Designator=R51 Old Footprint=RESC0603(1608)_M New Footprint=RESC0603(1608)_M
Change Physical Footprint: Designator=R52 Old Footprint=RESC0603(1608)_N New Footprint=RESC0603(1608)_N
Change Physical Footprint: Designator=R53 Old Footprint=DNP New Footprint=DNP
Change Physical Footprint: Designator=R54 Old Footprint=RESC0603(1608)_N New Footprint=RESC0603(1608)_N
Change Physical Footprint: Designator=R55 Old Footprint=RESC0603(1608)_N New Footprint=RESC0603(1608)_N
Change Physical Footprint: Designator=R56 Old Footprint=RESC0603(1608)_N New Footprint=RESC0603(1608)_N
Change Physical Footprint: Designator=R57 Old Footprint=RESC1609X55X30ML10T20 New Footprint=RESC1609X55X30ML10T20
Change Physical Footprint: Designator=SD1 Old Footprint=MOLX-104031-0811_V New Footprint=MOLX-104031-0811_V
Change Physical Footprint: Designator=TP1 Old Footprint=PCBComponent New Footprint=PCBComponent
Change Physical Footprint: Designator=TP2 Old Footprint=PCBComponent New Footprint=PCBComponent
Change Physical Footprint: Designator=TP3 Old Footprint=PCBComponent New Footprint=PCBComponent
Change Physical Footprint: Designator=TP4 Old Footprint=PCBComponent New Footprint=PCBComponent
Change Physical Footprint: Designator=TP5 Old Footprint=PCBComponent New Footprint=PCBComponent
Change Physical Footprint: Designator=TP6 Old Footprint=PCBComponent New Footprint=PCBComponent
Change Physical Footprint: Designator=TP7 Old Footprint=PCBComponent New Footprint=PCBComponent
Change Physical Footprint: Designator=TP8 Old Footprint=PCBComponent New Footprint=PCBComponent
Change Physical Footprint: Designator=TP9 Old Footprint=PCBComponent New Footprint=PCBComponent
Change Physical Footprint: Designator=TP10 Old Footprint=PCBComponent New Footprint=PCBComponent
Change Physical Footprint: Designator=TP11 Old Footprint=PCBComponent New Footprint=PCBComponent
Change Physical Footprint: Designator=TP12 Old Footprint=PCBComponent New Footprint=PCBComponent
Change Physical Footprint: Designator=TP13 Old Footprint=PCBComponent New Footprint=PCBComponent
Change Physical Footprint: Designator=TP14 Old Footprint=PCBComponent New Footprint=PCBComponent
Change Physical Footprint: Designator=TP15 Old Footprint=PCBComponent New Footprint=PCBComponent
Change Physical Footprint: Designator=TP16 Old Footprint=PCBComponent New Footprint=PCBComponent
Change Physical Footprint: Designator=TP17 Old Footprint=PCBComponent New Footprint=PCBComponent
Change Physical Footprint: Designator=TP18 Old Footprint=PCBComponent New Footprint=PCBComponent
Change Physical Footprint: Designator=TP19 Old Footprint=PCBComponent New Footprint=PCBComponent
Change Physical Footprint: Designator=TP20 Old Footprint=PCBComponent New Footprint=PCBComponent
Change Physical Footprint: Designator=TP21 Old Footprint=PCBComponent New Footprint=PCBComponent
Change Physical Footprint: Designator=TP22 Old Footprint=PCBComponent New Footprint=PCBComponent
Change Physical Footprint: Designator=TP23 Old Footprint=PCBComponent New Footprint=PCBComponent
Change Physical Footprint: Designator=TP24 Old Footprint=PCBComponent New Footprint=PCBComponent
Change Physical Footprint: Designator=TP25 Old Footprint=PCBComponent New Footprint=PCBComponent
Change Physical Footprint: Designator=TP26 Old Footprint=PCBComponent New Footprint=PCBComponent
Change Physical Footprint: Designator=TP27 Old Footprint=PCBComponent New Footprint=PCBComponent
Change Physical Footprint: Designator=TP28 Old Footprint=PCBComponent New Footprint=PCBComponent
Change Physical Footprint: Designator=TP29 Old Footprint=PCBComponent New Footprint=PCBComponent
Change Physical Footprint: Designator=TP30 Old Footprint=PCBComponent New Footprint=PCBComponent
Change Physical Footprint: Designator=TP31 Old Footprint=PCBComponent New Footprint=PCBComponent
Change Physical Footprint: Designator=TP32 Old Footprint=PCBComponent New Footprint=PCBComponent
Change Physical Footprint: Designator=TP33 Old Footprint=PCBComponent New Footprint=PCBComponent
Change Physical Footprint: Designator=TP34 Old Footprint=PCBComponent New Footprint=PCBComponent
Change Physical Footprint: Designator=TP35 Old Footprint=PCBComponent New Footprint=PCBComponent
Change Physical Footprint: Designator=U1 Old Footprint=DFN-12_V New Footprint=DFN-12_V
Change Physical Footprint: Designator=U3 Old Footprint=20021111-00010T4LF New Footprint=20021111-00010T4LF
Change Physical Footprint: Designator=U4 Old Footprint=SAMW25H18-MR510PB New Footprint=SAMW25H18-MR510PB
Change Physical Footprint: Designator=U5 Old Footprint=TO-263-5_MCL New Footprint=TO-263-5_MCL
Change Physical Footprint: Designator=U6 Old Footprint=RGT16-1700X1700TP New Footprint=RGT16-1700X1700TP
Change Physical Footprint: Designator=U10 Old Footprint=FP-APDS-9960-MFG New Footprint=FP-APDS-9960-MFG
Change Physical Footprint: Designator=X1 Old Footprint=ABRA-ABS07-2_V New Footprint=ABRA-ABS07-2_V
